{"numFailedTestSuites":1,"numFailedTests":10,"numPassedTestSuites":0,"numPassedTests":16,"numPendingTestSuites":0,"numPendingTests":0,"numRuntimeErrorTestSuites":0,"numTodoTests":0,"numTotalTestSuites":1,"numTotalTests":26,"openHandles":[],"snapshot":{"added":0,"didUpdate":false,"failure":false,"filesAdded":0,"filesRemoved":0,"filesRemovedList":[],"filesUnmatched":0,"filesUpdated":0,"matched":0,"total":0,"unchecked":0,"uncheckedKeysByFile":[],"unmatched":0,"updated":0},"startTime":1767880736063,"success":false,"testResults":[{"assertionResults":[{"ancestorTitles":["ResumeParser","validateFile"],"duration":3,"failing":false,"failureDetails":[],"failureMessages":[],"fullName":"ResumeParser validateFile should validate PDF files successfully","invocations":1,"location":null,"numPassingAsserts":2,"retryReasons":[],"startAt":1767880739442,"status":"passed","title":"should validate PDF files successfully"},{"ancestorTitles":["ResumeParser","validateFile"],"duration":0,"failing":false,"failureDetails":[],"failureMessages":[],"fullName":"ResumeParser validateFile should validate DOCX files successfully","invocations":1,"location":null,"numPassingAsserts":2,"retryReasons":[],"startAt":1767880739446,"status":"passed","title":"should validate DOCX files successfully"},{"ancestorTitles":["ResumeParser","validateFile"],"duration":1,"failing":false,"failureDetails":[],"failureMessages":[],"fullName":"ResumeParser validateFile should reject unsupported file types","invocations":1,"location":null,"numPassingAsserts":2,"retryReasons":[],"startAt":1767880739447,"status":"passed","title":"should reject unsupported file types"},{"ancestorTitles":["ResumeParser","validateFile"],"duration":1,"failing":false,"failureDetails":[],"failureMessages":[],"fullName":"ResumeParser validateFile should reject empty files","invocations":1,"location":null,"numPassingAsserts":2,"retryReasons":[],"startAt":1767880739448,"status":"passed","title":"should reject empty files"},{"ancestorTitles":["ResumeParser","validateFile"],"duration":2,"failing":false,"failureDetails":[{"matcherResult":{"actual":true,"expected":false,"message":"\u001b[2mexpect(\u001b[22m\u001b[31mreceived\u001b[39m\u001b[2m).\u001b[22mtoBe\u001b[2m(\u001b[22m\u001b[32mexpected\u001b[39m\u001b[2m) // Object.is equality\u001b[22m\n\nExpected: \u001b[32mfalse\u001b[39m\nReceived: \u001b[31mtrue\u001b[39m","name":"toBe","pass":false}}],"failureMessages":["Error: \u001b[2mexpect(\u001b[22m\u001b[31mreceived\u001b[39m\u001b[2m).\u001b[22mtoBe\u001b[2m(\u001b[22m\u001b[32mexpected\u001b[39m\u001b[2m) // Object.is equality\u001b[22m\n\nExpected: \u001b[32mfalse\u001b[39m\nReceived: \u001b[31mtrue\u001b[39m\n    at Object.<anonymous> (C:\\Users\\aravi\\Documents\\AI_LLM\\projects\\WhyNoInterviews\\src\\components\\__tests__\\ResumeParser.test.ts:146:30)\n    at Promise.finally.completed (C:\\Users\\aravi\\Documents\\AI_LLM\\projects\\WhyNoInterviews\\node_modules\\jest-circus\\build\\jestAdapterInit.js:1557:28)\n    at new Promise (<anonymous>)\n    at callAsyncCircusFn (C:\\Users\\aravi\\Documents\\AI_LLM\\projects\\WhyNoInterviews\\node_modules\\jest-circus\\build\\jestAdapterInit.js:1497:10)\n    at _callCircusTest (C:\\Users\\aravi\\Documents\\AI_LLM\\projects\\WhyNoInterviews\\node_modules\\jest-circus\\build\\jestAdapterInit.js:1007:40)\n    at _runTest (C:\\Users\\aravi\\Documents\\AI_LLM\\projects\\WhyNoInterviews\\node_modules\\jest-circus\\build\\jestAdapterInit.js:947:3)\n    at C:\\Users\\aravi\\Documents\\AI_LLM\\projects\\WhyNoInterviews\\node_modules\\jest-circus\\build\\jestAdapterInit.js:849:7\n    at _runTestsForDescribeBlock (C:\\Users\\aravi\\Documents\\AI_LLM\\projects\\WhyNoInterviews\\node_modules\\jest-circus\\build\\jestAdapterInit.js:862:11)\n    at _runTestsForDescribeBlock (C:\\Users\\aravi\\Documents\\AI_LLM\\projects\\WhyNoInterviews\\node_modules\\jest-circus\\build\\jestAdapterInit.js:857:11)\n    at _runTestsForDescribeBlock (C:\\Users\\aravi\\Documents\\AI_LLM\\projects\\WhyNoInterviews\\node_modules\\jest-circus\\build\\jestAdapterInit.js:857:11)\n    at run (C:\\Users\\aravi\\Documents\\AI_LLM\\projects\\WhyNoInterviews\\node_modules\\jest-circus\\build\\jestAdapterInit.js:761:3)\n    at runAndTransformResultsToJestFormat (C:\\Users\\aravi\\Documents\\AI_LLM\\projects\\WhyNoInterviews\\node_modules\\jest-circus\\build\\jestAdapterInit.js:1918:21)\n    at jestAdapter (C:\\Users\\aravi\\Documents\\AI_LLM\\projects\\WhyNoInterviews\\node_modules\\jest-circus\\build\\runner.js:101:19)\n    at runTestInternal (C:\\Users\\aravi\\Documents\\AI_LLM\\projects\\WhyNoInterviews\\node_modules\\jest-runner\\build\\index.js:275:16)\n    at runTest (C:\\Users\\aravi\\Documents\\AI_LLM\\projects\\WhyNoInterviews\\node_modules\\jest-runner\\build\\index.js:343:7)"],"fullName":"ResumeParser validateFile should reject files that are too large","invocations":1,"location":null,"numPassingAsserts":0,"retryReasons":[],"startAt":1767880739449,"status":"failed","title":"should reject files that are too large"},{"ancestorTitles":["ResumeParser","validateFile"],"duration":1,"failing":false,"failureDetails":[],"failureMessages":[],"fullName":"ResumeParser validateFile should warn about large files","invocations":1,"location":null,"numPassingAsserts":2,"retryReasons":[],"startAt":1767880739458,"status":"passed","title":"should warn about large files"},{"ancestorTitles":["ResumeParser","validateFile"],"duration":1,"failing":false,"failureDetails":[{"matcherResult":{"actual":true,"expected":false,"message":"\u001b[2mexpect(\u001b[22m\u001b[31mreceived\u001b[39m\u001b[2m).\u001b[22mtoBe\u001b[2m(\u001b[22m\u001b[32mexpected\u001b[39m\u001b[2m) // Object.is equality\u001b[22m\n\nExpected: \u001b[32mfalse\u001b[39m\nReceived: \u001b[31mtrue\u001b[39m","name":"toBe","pass":false}}],"failureMessages":["Error: \u001b[2mexpect(\u001b[22m\u001b[31mreceived\u001b[39m\u001b[2m).\u001b[22mtoBe\u001b[2m(\u001b[22m\u001b[32mexpected\u001b[39m\u001b[2m) // Object.is equality\u001b[22m\n\nExpected: \u001b[32mfalse\u001b[39m\nReceived: \u001b[31mtrue\u001b[39m\n    at Object.<anonymous> (C:\\Users\\aravi\\Documents\\AI_LLM\\projects\\WhyNoInterviews\\src\\components\\__tests__\\ResumeParser.test.ts:164:30)\n    at Promise.finally.completed (C:\\Users\\aravi\\Documents\\AI_LLM\\projects\\WhyNoInterviews\\node_modules\\jest-circus\\build\\jestAdapterInit.js:1557:28)\n    at new Promise (<anonymous>)\n    at callAsyncCircusFn (C:\\Users\\aravi\\Documents\\AI_LLM\\projects\\WhyNoInterviews\\node_modules\\jest-circus\\build\\jestAdapterInit.js:1497:10)\n    at _callCircusTest (C:\\Users\\aravi\\Documents\\AI_LLM\\projects\\WhyNoInterviews\\node_modules\\jest-circus\\build\\jestAdapterInit.js:1007:40)\n    at _runTest (C:\\Users\\aravi\\Documents\\AI_LLM\\projects\\WhyNoInterviews\\node_modules\\jest-circus\\build\\jestAdapterInit.js:947:3)\n    at C:\\Users\\aravi\\Documents\\AI_LLM\\projects\\WhyNoInterviews\\node_modules\\jest-circus\\build\\jestAdapterInit.js:849:7\n    at _runTestsForDescribeBlock (C:\\Users\\aravi\\Documents\\AI_LLM\\projects\\WhyNoInterviews\\node_modules\\jest-circus\\build\\jestAdapterInit.js:862:11)\n    at _runTestsForDescribeBlock (C:\\Users\\aravi\\Documents\\AI_LLM\\projects\\WhyNoInterviews\\node_modules\\jest-circus\\build\\jestAdapterInit.js:857:11)\n    at _runTestsForDescribeBlock (C:\\Users\\aravi\\Documents\\AI_LLM\\projects\\WhyNoInterviews\\node_modules\\jest-circus\\build\\jestAdapterInit.js:857:11)\n    at run (C:\\Users\\aravi\\Documents\\AI_LLM\\projects\\WhyNoInterviews\\node_modules\\jest-circus\\build\\jestAdapterInit.js:761:3)\n    at runAndTransformResultsToJestFormat (C:\\Users\\aravi\\Documents\\AI_LLM\\projects\\WhyNoInterviews\\node_modules\\jest-circus\\build\\jestAdapterInit.js:1918:21)\n    at jestAdapter (C:\\Users\\aravi\\Documents\\AI_LLM\\projects\\WhyNoInterviews\\node_modules\\jest-circus\\build\\runner.js:101:19)\n    at runTestInternal (C:\\Users\\aravi\\Documents\\AI_LLM\\projects\\WhyNoInterviews\\node_modules\\jest-runner\\build\\index.js:275:16)\n    at runTest (C:\\Users\\aravi\\Documents\\AI_LLM\\projects\\WhyNoInterviews\\node_modules\\jest-runner\\build\\index.js:343:7)"],"fullName":"ResumeParser validateFile should reject non-existent files","invocations":1,"location":null,"numPassingAsserts":0,"retryReasons":[],"startAt":1767880739459,"status":"failed","title":"should reject non-existent files"},{"ancestorTitles":["ResumeParser","parseResume"],"duration":4,"failing":false,"failureDetails":[],"failureMessages":[],"fullName":"ResumeParser parseResume should parse PDF resume successfully","invocations":1,"location":null,"numPassingAsserts":10,"retryReasons":[],"startAt":1767880739460,"status":"passed","title":"should parse PDF resume successfully"},{"ancestorTitles":["ResumeParser","parseResume"],"duration":1,"failing":false,"failureDetails":[],"failureMessages":[],"fullName":"ResumeParser parseResume should parse DOCX resume successfully","invocations":1,"location":null,"numPassingAsserts":3,"retryReasons":[],"startAt":1767880739464,"status":"passed","title":"should parse DOCX resume successfully"},{"ancestorTitles":["ResumeParser","parseResume"],"duration":1,"failing":false,"failureDetails":[],"failureMessages":[],"fullName":"ResumeParser parseResume should parse DOC resume successfully","invocations":1,"location":null,"numPassingAsserts":3,"retryReasons":[],"startAt":1767880739466,"status":"passed","title":"should parse DOC resume successfully"},{"ancestorTitles":["ResumeParser","parseResume"],"duration":2,"failing":false,"failureDetails":[{"matcherResult":{"message":"\u001b[2mexpect(\u001b[22m\u001b[31mreceived\u001b[39m\u001b[2m).\u001b[22mtoContain\u001b[2m(\u001b[22m\u001b[32mexpected\u001b[39m\u001b[2m) // indexOf\u001b[22m\n\nExpected value: \u001b[32m\"experience\"\u001b[39m\nReceived array: \u001b[31m[\"other\", \"other\", \"other\", \"skills\"]\u001b[39m","pass":false}}],"failureMessages":["Error: \u001b[2mexpect(\u001b[22m\u001b[31mreceived\u001b[39m\u001b[2m).\u001b[22mtoContain\u001b[2m(\u001b[22m\u001b[32mexpected\u001b[39m\u001b[2m) // indexOf\u001b[22m\n\nExpected value: \u001b[32m\"experience\"\u001b[39m\nReceived array: \u001b[31m[\"other\", \"other\", \"other\", \"skills\"]\u001b[39m\n    at Object.<anonymous> (C:\\Users\\aravi\\Documents\\AI_LLM\\projects\\WhyNoInterviews\\src\\components\\__tests__\\ResumeParser.test.ts:213:28)"],"fullName":"ResumeParser parseResume should identify resume sections correctly","invocations":1,"location":null,"numPassingAsserts":0,"retryReasons":[],"startAt":1767880739467,"status":"failed","title":"should identify resume sections correctly"},{"ancestorTitles":["ResumeParser","parseResume"],"duration":1,"failing":false,"failureDetails":[{"matcherResult":{"message":"\u001b[2mexpect(\u001b[22m\u001b[31mreceived\u001b[39m\u001b[2m).\u001b[22mtoBeDefined\u001b[2m()\u001b[22m\n\nReceived: \u001b[31mundefined\u001b[39m","pass":false}}],"failureMessages":["Error: \u001b[2mexpect(\u001b[22m\u001b[31mreceived\u001b[39m\u001b[2m).\u001b[22mtoBeDefined\u001b[2m()\u001b[22m\n\nReceived: \u001b[31mundefined\u001b[39m\n    at Object.<anonymous> (C:\\Users\\aravi\\Documents\\AI_LLM\\projects\\WhyNoInterviews\\src\\components\\__tests__\\ResumeParser.test.ts:222:33)"],"fullName":"ResumeParser parseResume should extract bullet points from experience section","invocations":1,"location":null,"numPassingAsserts":0,"retryReasons":[],"startAt":1767880739469,"status":"failed","title":"should extract bullet points from experience section"},{"ancestorTitles":["ResumeParser","parseResume"],"duration":1,"failing":false,"failureDetails":[{}],"failureMessages":["TypeError: Cannot read properties of undefined (reading 'bullets')\n    at Object.<anonymous> (C:\\Users\\aravi\\Documents\\AI_LLM\\projects\\WhyNoInterviews\\src\\components\\__tests__\\ResumeParser.test.ts:236:58)"],"fullName":"ResumeParser parseResume should identify achievements with quantification","invocations":1,"location":null,"numPassingAsserts":0,"retryReasons":[],"startAt":1767880739470,"status":"failed","title":"should identify achievements with quantification"},{"ancestorTitles":["ResumeParser","parseResume"],"duration":1,"failing":false,"failureDetails":[],"failureMessages":[],"fullName":"ResumeParser parseResume should calculate extraction confidence correctly","invocations":1,"location":null,"numPassingAsserts":4,"retryReasons":[],"startAt":1767880739471,"status":"passed","title":"should calculate extraction confidence correctly"},{"ancestorTitles":["ResumeParser","parseResume"],"duration":4,"failing":false,"failureDetails":[],"failureMessages":[],"fullName":"ResumeParser parseResume should handle empty PDF gracefully","invocations":1,"location":null,"numPassingAsserts":1,"retryReasons":[],"startAt":1767880739473,"status":"passed","title":"should handle empty PDF gracefully"},{"ancestorTitles":["ResumeParser","parseResume"],"duration":1,"failing":false,"failureDetails":[],"failureMessages":[],"fullName":"ResumeParser parseResume should handle PDF parsing errors","invocations":1,"location":null,"numPassingAsserts":1,"retryReasons":[],"startAt":1767880739477,"status":"passed","title":"should handle PDF parsing errors"},{"ancestorTitles":["ResumeParser","parseResume"],"duration":3,"failing":false,"failureDetails":[{"message":"\u001b[2mexpect(\u001b[22m\u001b[31mreceived\u001b[39m\u001b[2m).\u001b[22mrejects\u001b[2m.\u001b[22mtoThrow\u001b[2m()\u001b[22m\n\nReceived promise resolved instead of rejected\nResolved to value: \u001b[31m{\"extractedAt\": 2026-01-08T13:58:59.479Z, \"extractionConfidence\": 70, \"metadata\": {\"extractionMethod\": \"pdf-parse\", \"fileName\": \"test-resume.pdf\", \"fileSize\": 1024, \"fileType\": \"pdf\", \"pageCount\": 1, \"processingTime\": 0, \"warnings\": [], \"wordCount\": 47}, \"rawText\": \"John Doe\u001b[39m\n\u001b[31mSoftware Engineer\u001b[39m\n\u001b[31mjohn.doe@email.com·\u001b[39m\n\u001b[31mEXPERIENCE\u001b[39m\n\u001b[31mSenior Software Engineer at Tech Corp\u001b[39m\n\u001b[31m• Developed web applications using React and Node.js\u001b[39m\n\u001b[31m• Improved system performance by 30%\u001b[39m\n\u001b[31m• Led team of 5 developers·\u001b[39m\n\u001b[31mEDUCATION\u001b[39m\n\u001b[31mBachelor of Science in Computer Science\u001b[39m\n\u001b[31mUniversity of Technology·\u001b[39m\n\u001b[31mSKILLS\u001b[39m\n\u001b[31mJavaScript, Python, React, Node.js\", \"sections\": [{\"bullets\": [], \"content\": \"John Doe\u001b[39m\n\u001b[31mSoftware Engineer\u001b[39m\n\u001b[31mjohn.doe@email.com\", \"endIndex\": 47, \"startIndex\": 0, \"title\": \"John Doe\u001b[39m\n\u001b[31mSoftware Engineer\", \"type\": \"other\"}, {\"bullets\": [{\"achievements\": [{\"actionVerbs\": [\"developed\"], \"hasQuantification\": false, \"metrics\": [], \"text\": \"Developed web applications using React and Node.js\"}], \"id\": \"l37kgjj\", \"text\": \"Developed web applications using React and Node.js\"}, {\"achievements\": [{\"actionVerbs\": [], \"hasQuantification\": true, \"metrics\": [\"30%\"], \"text\": \"Improved system performance by 30%\"}], \"id\": \"057jls\", \"text\": \"Improved system performance by 30%\"}, {\"achievements\": [{\"actionVerbs\": [\"led\"], \"hasQuantification\": true, \"metrics\": [\"team of 5\"], \"text\": \"Led team of 5 developers\"}], \"id\": \"qlwzc\", \"text\": \"Led team of 5 developers\"}], \"content\": \"EXPERIENCE\u001b[39m\n\u001b[31mSenior Software Engineer at Tech Corp\u001b[39m\n\u001b[31m• Developed web applications using React and Node.js\u001b[39m\n\u001b[31m• Improved system performance by 30%\u001b[39m\n\u001b[31m• Led team of 5 developers\", \"endIndex\": 214, \"startIndex\": 47, \"title\": \"EXPERIENCE\u001b[39m\n\u001b[31mSenior Software Engineer at Tech Corp\", \"type\": \"other\"}, {\"bullets\": [], \"content\": \"EDUCATION\u001b[39m\n\u001b[31mBachelor of Science in Computer Science\u001b[39m\n\u001b[31mUniversity of Technology\", \"endIndex\": 290, \"startIndex\": 214, \"title\": \"EDUCATION\u001b[39m\n\u001b[31mBachelor of Science in Computer Science\u001b[39m\n\u001b[31mUniversity of Technology·\u001b[39m\n\u001b[31mSKILLS\", \"type\": \"other\"}, {\"bullets\": [], \"content\": \"SKILLS\u001b[39m\n\u001b[31mJavaScript, Python, React, Node.js\", \"endIndex\": 331, \"startIndex\": 290, \"title\": \"SKILLS\", \"type\": \"skills\"}]}\u001b[39m"}],"failureMessages":["Error: \u001b[2mexpect(\u001b[22m\u001b[31mreceived\u001b[39m\u001b[2m).\u001b[22mrejects\u001b[2m.\u001b[22mtoThrow\u001b[2m()\u001b[22m\n\nReceived promise resolved instead of rejected\nResolved to value: \u001b[31m{\"extractedAt\": 2026-01-08T13:58:59.479Z, \"extractionConfidence\": 70, \"metadata\": {\"extractionMethod\": \"pdf-parse\", \"fileName\": \"test-resume.pdf\", \"fileSize\": 1024, \"fileType\": \"pdf\", \"pageCount\": 1, \"processingTime\": 0, \"warnings\": [], \"wordCount\": 47}, \"rawText\": \"John Doe\u001b[39m\n\u001b[31mSoftware Engineer\u001b[39m\n\u001b[31mjohn.doe@email.com·\u001b[39m\n\u001b[31mEXPERIENCE\u001b[39m\n\u001b[31mSenior Software Engineer at Tech Corp\u001b[39m\n\u001b[31m• Developed web applications using React and Node.js\u001b[39m\n\u001b[31m• Improved system performance by 30%\u001b[39m\n\u001b[31m• Led team of 5 developers·\u001b[39m\n\u001b[31mEDUCATION\u001b[39m\n\u001b[31mBachelor of Science in Computer Science\u001b[39m\n\u001b[31mUniversity of Technology·\u001b[39m\n\u001b[31mSKILLS\u001b[39m\n\u001b[31mJavaScript, Python, React, Node.js\", \"sections\": [{\"bullets\": [], \"content\": \"John Doe\u001b[39m\n\u001b[31mSoftware Engineer\u001b[39m\n\u001b[31mjohn.doe@email.com\", \"endIndex\": 47, \"startIndex\": 0, \"title\": \"John Doe\u001b[39m\n\u001b[31mSoftware Engineer\", \"type\": \"other\"}, {\"bullets\": [{\"achievements\": [{\"actionVerbs\": [\"developed\"], \"hasQuantification\": false, \"metrics\": [], \"text\": \"Developed web applications using React and Node.js\"}], \"id\": \"l37kgjj\", \"text\": \"Developed web applications using React and Node.js\"}, {\"achievements\": [{\"actionVerbs\": [], \"hasQuantification\": true, \"metrics\": [\"30%\"], \"text\": \"Improved system performance by 30%\"}], \"id\": \"057jls\", \"text\": \"Improved system performance by 30%\"}, {\"achievements\": [{\"actionVerbs\": [\"led\"], \"hasQuantification\": true, \"metrics\": [\"team of 5\"], \"text\": \"Led team of 5 developers\"}], \"id\": \"qlwzc\", \"text\": \"Led team of 5 developers\"}], \"content\": \"EXPERIENCE\u001b[39m\n\u001b[31mSenior Software Engineer at Tech Corp\u001b[39m\n\u001b[31m• Developed web applications using React and Node.js\u001b[39m\n\u001b[31m• Improved system performance by 30%\u001b[39m\n\u001b[31m• Led team of 5 developers\", \"endIndex\": 214, \"startIndex\": 47, \"title\": \"EXPERIENCE\u001b[39m\n\u001b[31mSenior Software Engineer at Tech Corp\", \"type\": \"other\"}, {\"bullets\": [], \"content\": \"EDUCATION\u001b[39m\n\u001b[31mBachelor of Science in Computer Science\u001b[39m\n\u001b[31mUniversity of Technology\", \"endIndex\": 290, \"startIndex\": 214, \"title\": \"EDUCATION\u001b[39m\n\u001b[31mBachelor of Science in Computer Science\u001b[39m\n\u001b[31mUniversity of Technology·\u001b[39m\n\u001b[31mSKILLS\", \"type\": \"other\"}, {\"bullets\": [], \"content\": \"SKILLS\u001b[39m\n\u001b[31mJavaScript, Python, React, Node.js\", \"endIndex\": 331, \"startIndex\": 290, \"title\": \"SKILLS\", \"type\": \"skills\"}]}\u001b[39m\n    at expect (C:\\Users\\aravi\\Documents\\AI_LLM\\projects\\WhyNoInterviews\\node_modules\\expect\\build\\index.js:2116:15)\n    at Object.<anonymous> (C:\\Users\\aravi\\Documents\\AI_LLM\\projects\\WhyNoInterviews\\src\\components\\__tests__\\ResumeParser.test.ts:277:13)\n    at Promise.finally.completed (C:\\Users\\aravi\\Documents\\AI_LLM\\projects\\WhyNoInterviews\\node_modules\\jest-circus\\build\\jestAdapterInit.js:1557:28)\n    at new Promise (<anonymous>)\n    at callAsyncCircusFn (C:\\Users\\aravi\\Documents\\AI_LLM\\projects\\WhyNoInterviews\\node_modules\\jest-circus\\build\\jestAdapterInit.js:1497:10)\n    at _callCircusTest (C:\\Users\\aravi\\Documents\\AI_LLM\\projects\\WhyNoInterviews\\node_modules\\jest-circus\\build\\jestAdapterInit.js:1007:40)\n    at _runTest (C:\\Users\\aravi\\Documents\\AI_LLM\\projects\\WhyNoInterviews\\node_modules\\jest-circus\\build\\jestAdapterInit.js:947:3)\n    at C:\\Users\\aravi\\Documents\\AI_LLM\\projects\\WhyNoInterviews\\node_modules\\jest-circus\\build\\jestAdapterInit.js:849:7\n    at _runTestsForDescribeBlock (C:\\Users\\aravi\\Documents\\AI_LLM\\projects\\WhyNoInterviews\\node_modules\\jest-circus\\build\\jestAdapterInit.js:862:11)\n    at _runTestsForDescribeBlock (C:\\Users\\aravi\\Documents\\AI_LLM\\projects\\WhyNoInterviews\\node_modules\\jest-circus\\build\\jestAdapterInit.js:857:11)\n    at _runTestsForDescribeBlock (C:\\Users\\aravi\\Documents\\AI_LLM\\projects\\WhyNoInterviews\\node_modules\\jest-circus\\build\\jestAdapterInit.js:857:11)\n    at run (C:\\Users\\aravi\\Documents\\AI_LLM\\projects\\WhyNoInterviews\\node_modules\\jest-circus\\build\\jestAdapterInit.js:761:3)\n    at runAndTransformResultsToJestFormat (C:\\Users\\aravi\\Documents\\AI_LLM\\projects\\WhyNoInterviews\\node_modules\\jest-circus\\build\\jestAdapterInit.js:1918:21)\n    at jestAdapter (C:\\Users\\aravi\\Documents\\AI_LLM\\projects\\WhyNoInterviews\\node_modules\\jest-circus\\build\\runner.js:101:19)\n    at runTestInternal (C:\\Users\\aravi\\Documents\\AI_LLM\\projects\\WhyNoInterviews\\node_modules\\jest-runner\\build\\index.js:275:16)\n    at runTest (C:\\Users\\aravi\\Documents\\AI_LLM\\projects\\WhyNoInterviews\\node_modules\\jest-runner\\build\\index.js:343:7)"],"fullName":"ResumeParser parseResume should handle DOCX parsing errors","invocations":1,"location":null,"numPassingAsserts":0,"retryReasons":[],"startAt":1767880739478,"status":"failed","title":"should handle DOCX parsing errors"},{"ancestorTitles":["ResumeParser","parseResume"],"duration":1,"failing":false,"failureDetails":[{"message":"\u001b[2mexpect(\u001b[22m\u001b[31mreceived\u001b[39m\u001b[2m).\u001b[22mrejects\u001b[2m.\u001b[22mtoThrow\u001b[2m()\u001b[22m\n\nReceived promise resolved instead of rejected\nResolved to value: \u001b[31m{\"extractedAt\": 2026-01-08T13:58:59.483Z, \"extractionConfidence\": 70, \"metadata\": {\"extractionMethod\": \"pdf-parse\", \"fileName\": \"test-resume.pdf\", \"fileSize\": 1024, \"fileType\": \"pdf\", \"pageCount\": 1, \"processingTime\": 0, \"warnings\": [], \"wordCount\": 47}, \"rawText\": \"John Doe\u001b[39m\n\u001b[31mSoftware Engineer\u001b[39m\n\u001b[31mjohn.doe@email.com·\u001b[39m\n\u001b[31mEXPERIENCE\u001b[39m\n\u001b[31mSenior Software Engineer at Tech Corp\u001b[39m\n\u001b[31m• Developed web applications using React and Node.js\u001b[39m\n\u001b[31m• Improved system performance by 30%\u001b[39m\n\u001b[31m• Led team of 5 developers·\u001b[39m\n\u001b[31mEDUCATION\u001b[39m\n\u001b[31mBachelor of Science in Computer Science\u001b[39m\n\u001b[31mUniversity of Technology·\u001b[39m\n\u001b[31mSKILLS\u001b[39m\n\u001b[31mJavaScript, Python, React, Node.js\", \"sections\": [{\"bullets\": [], \"content\": \"John Doe\u001b[39m\n\u001b[31mSoftware Engineer\u001b[39m\n\u001b[31mjohn.doe@email.com\", \"endIndex\": 47, \"startIndex\": 0, \"title\": \"John Doe\u001b[39m\n\u001b[31mSoftware Engineer\", \"type\": \"other\"}, {\"bullets\": [{\"achievements\": [{\"actionVerbs\": [\"developed\"], \"hasQuantification\": false, \"metrics\": [], \"text\": \"Developed web applications using React and Node.js\"}], \"id\": \"mzb7p\", \"text\": \"Developed web applications using React and Node.js\"}, {\"achievements\": [{\"actionVerbs\": [], \"hasQuantification\": true, \"metrics\": [\"30%\"], \"text\": \"Improved system performance by 30%\"}], \"id\": \"rbwpgd\", \"text\": \"Improved system performance by 30%\"}, {\"achievements\": [{\"actionVerbs\": [\"led\"], \"hasQuantification\": true, \"metrics\": [\"team of 5\"], \"text\": \"Led team of 5 developers\"}], \"id\": \"s665g\", \"text\": \"Led team of 5 developers\"}], \"content\": \"EXPERIENCE\u001b[39m\n\u001b[31mSenior Software Engineer at Tech Corp\u001b[39m\n\u001b[31m• Developed web applications using React and Node.js\u001b[39m\n\u001b[31m• Improved system performance by 30%\u001b[39m\n\u001b[31m• Led team of 5 developers\", \"endIndex\": 214, \"startIndex\": 47, \"title\": \"EXPERIENCE\u001b[39m\n\u001b[31mSenior Software Engineer at Tech Corp\", \"type\": \"other\"}, {\"bullets\": [], \"content\": \"EDUCATION\u001b[39m\n\u001b[31mBachelor of Science in Computer Science\u001b[39m\n\u001b[31mUniversity of Technology\", \"endIndex\": 290, \"startIndex\": 214, \"title\": \"EDUCATION\u001b[39m\n\u001b[31mBachelor of Science in Computer Science\u001b[39m\n\u001b[31mUniversity of Technology·\u001b[39m\n\u001b[31mSKILLS\", \"type\": \"other\"}, {\"bullets\": [], \"content\": \"SKILLS\u001b[39m\n\u001b[31mJavaScript, Python, React, Node.js\", \"endIndex\": 331, \"startIndex\": 290, \"title\": \"SKILLS\", \"type\": \"skills\"}]}\u001b[39m"}],"failureMessages":["Error: \u001b[2mexpect(\u001b[22m\u001b[31mreceived\u001b[39m\u001b[2m).\u001b[22mrejects\u001b[2m.\u001b[22mtoThrow\u001b[2m()\u001b[22m\n\nReceived promise resolved instead of rejected\nResolved to value: \u001b[31m{\"extractedAt\": 2026-01-08T13:58:59.483Z, \"extractionConfidence\": 70, \"metadata\": {\"extractionMethod\": \"pdf-parse\", \"fileName\": \"test-resume.pdf\", \"fileSize\": 1024, \"fileType\": \"pdf\", \"pageCount\": 1, \"processingTime\": 0, \"warnings\": [], \"wordCount\": 47}, \"rawText\": \"John Doe\u001b[39m\n\u001b[31mSoftware Engineer\u001b[39m\n\u001b[31mjohn.doe@email.com·\u001b[39m\n\u001b[31mEXPERIENCE\u001b[39m\n\u001b[31mSenior Software Engineer at Tech Corp\u001b[39m\n\u001b[31m• Developed web applications using React and Node.js\u001b[39m\n\u001b[31m• Improved system performance by 30%\u001b[39m\n\u001b[31m• Led team of 5 developers·\u001b[39m\n\u001b[31mEDUCATION\u001b[39m\n\u001b[31mBachelor of Science in Computer Science\u001b[39m\n\u001b[31mUniversity of Technology·\u001b[39m\n\u001b[31mSKILLS\u001b[39m\n\u001b[31mJavaScript, Python, React, Node.js\", \"sections\": [{\"bullets\": [], \"content\": \"John Doe\u001b[39m\n\u001b[31mSoftware Engineer\u001b[39m\n\u001b[31mjohn.doe@email.com\", \"endIndex\": 47, \"startIndex\": 0, \"title\": \"John Doe\u001b[39m\n\u001b[31mSoftware Engineer\", \"type\": \"other\"}, {\"bullets\": [{\"achievements\": [{\"actionVerbs\": [\"developed\"], \"hasQuantification\": false, \"metrics\": [], \"text\": \"Developed web applications using React and Node.js\"}], \"id\": \"mzb7p\", \"text\": \"Developed web applications using React and Node.js\"}, {\"achievements\": [{\"actionVerbs\": [], \"hasQuantification\": true, \"metrics\": [\"30%\"], \"text\": \"Improved system performance by 30%\"}], \"id\": \"rbwpgd\", \"text\": \"Improved system performance by 30%\"}, {\"achievements\": [{\"actionVerbs\": [\"led\"], \"hasQuantification\": true, \"metrics\": [\"team of 5\"], \"text\": \"Led team of 5 developers\"}], \"id\": \"s665g\", \"text\": \"Led team of 5 developers\"}], \"content\": \"EXPERIENCE\u001b[39m\n\u001b[31mSenior Software Engineer at Tech Corp\u001b[39m\n\u001b[31m• Developed web applications using React and Node.js\u001b[39m\n\u001b[31m• Improved system performance by 30%\u001b[39m\n\u001b[31m• Led team of 5 developers\", \"endIndex\": 214, \"startIndex\": 47, \"title\": \"EXPERIENCE\u001b[39m\n\u001b[31mSenior Software Engineer at Tech Corp\", \"type\": \"other\"}, {\"bullets\": [], \"content\": \"EDUCATION\u001b[39m\n\u001b[31mBachelor of Science in Computer Science\u001b[39m\n\u001b[31mUniversity of Technology\", \"endIndex\": 290, \"startIndex\": 214, \"title\": \"EDUCATION\u001b[39m\n\u001b[31mBachelor of Science in Computer Science\u001b[39m\n\u001b[31mUniversity of Technology·\u001b[39m\n\u001b[31mSKILLS\", \"type\": \"other\"}, {\"bullets\": [], \"content\": \"SKILLS\u001b[39m\n\u001b[31mJavaScript, Python, React, Node.js\", \"endIndex\": 331, \"startIndex\": 290, \"title\": \"SKILLS\", \"type\": \"skills\"}]}\u001b[39m\n    at expect (C:\\Users\\aravi\\Documents\\AI_LLM\\projects\\WhyNoInterviews\\node_modules\\expect\\build\\index.js:2116:15)\n    at Object.<anonymous> (C:\\Users\\aravi\\Documents\\AI_LLM\\projects\\WhyNoInterviews\\src\\components\\__tests__\\ResumeParser.test.ts:285:13)\n    at Promise.finally.completed (C:\\Users\\aravi\\Documents\\AI_LLM\\projects\\WhyNoInterviews\\node_modules\\jest-circus\\build\\jestAdapterInit.js:1557:28)\n    at new Promise (<anonymous>)\n    at callAsyncCircusFn (C:\\Users\\aravi\\Documents\\AI_LLM\\projects\\WhyNoInterviews\\node_modules\\jest-circus\\build\\jestAdapterInit.js:1497:10)\n    at _callCircusTest (C:\\Users\\aravi\\Documents\\AI_LLM\\projects\\WhyNoInterviews\\node_modules\\jest-circus\\build\\jestAdapterInit.js:1007:40)\n    at _runTest (C:\\Users\\aravi\\Documents\\AI_LLM\\projects\\WhyNoInterviews\\node_modules\\jest-circus\\build\\jestAdapterInit.js:947:3)\n    at C:\\Users\\aravi\\Documents\\AI_LLM\\projects\\WhyNoInterviews\\node_modules\\jest-circus\\build\\jestAdapterInit.js:849:7\n    at _runTestsForDescribeBlock (C:\\Users\\aravi\\Documents\\AI_LLM\\projects\\WhyNoInterviews\\node_modules\\jest-circus\\build\\jestAdapterInit.js:862:11)\n    at _runTestsForDescribeBlock (C:\\Users\\aravi\\Documents\\AI_LLM\\projects\\WhyNoInterviews\\node_modules\\jest-circus\\build\\jestAdapterInit.js:857:11)\n    at _runTestsForDescribeBlock (C:\\Users\\aravi\\Documents\\AI_LLM\\projects\\WhyNoInterviews\\node_modules\\jest-circus\\build\\jestAdapterInit.js:857:11)\n    at run (C:\\Users\\aravi\\Documents\\AI_LLM\\projects\\WhyNoInterviews\\node_modules\\jest-circus\\build\\jestAdapterInit.js:761:3)\n    at runAndTransformResultsToJestFormat (C:\\Users\\aravi\\Documents\\AI_LLM\\projects\\WhyNoInterviews\\node_modules\\jest-circus\\build\\jestAdapterInit.js:1918:21)\n    at jestAdapter (C:\\Users\\aravi\\Documents\\AI_LLM\\projects\\WhyNoInterviews\\node_modules\\jest-circus\\build\\runner.js:101:19)\n    at runTestInternal (C:\\Users\\aravi\\Documents\\AI_LLM\\projects\\WhyNoInterviews\\node_modules\\jest-runner\\build\\index.js:275:16)\n    at runTest (C:\\Users\\aravi\\Documents\\AI_LLM\\projects\\WhyNoInterviews\\node_modules\\jest-runner\\build\\index.js:343:7)"],"fullName":"ResumeParser parseResume should reject unsupported file types","invocations":1,"location":null,"numPassingAsserts":0,"retryReasons":[],"startAt":1767880739482,"status":"failed","title":"should reject unsupported file types"},{"ancestorTitles":["ResumeParser","parseResume"],"duration":1,"failing":false,"failureDetails":[],"failureMessages":[],"fullName":"ResumeParser parseResume should handle missing files","invocations":1,"location":null,"numPassingAsserts":1,"retryReasons":[],"startAt":1767880739484,"status":"passed","title":"should handle missing files"},{"ancestorTitles":["ResumeParser","Section Parsing"],"duration":8,"failing":false,"failureDetails":[{"matcherResult":{"message":"\u001b[2mexpect(\u001b[22m\u001b[31mreceived\u001b[39m\u001b[2m).\u001b[22mtoContain\u001b[2m(\u001b[22m\u001b[32mexpected\u001b[39m\u001b[2m) // indexOf\u001b[22m\n\nExpected value: \u001b[32m\"contact\"\u001b[39m\nReceived array: \u001b[31m[\"other\", \"other\", \"experience\", \"education\", \"skills\", \"other\", \"certifications\"]\u001b[39m","pass":false}}],"failureMessages":["Error: \u001b[2mexpect(\u001b[22m\u001b[31mreceived\u001b[39m\u001b[2m).\u001b[22mtoContain\u001b[2m(\u001b[22m\u001b[32mexpected\u001b[39m\u001b[2m) // indexOf\u001b[22m\n\nExpected value: \u001b[32m\"contact\"\u001b[39m\nReceived array: \u001b[31m[\"other\", \"other\", \"experience\", \"education\", \"skills\", \"other\", \"certifications\"]\u001b[39m\n    at Object.<anonymous> (C:\\Users\\aravi\\Documents\\AI_LLM\\projects\\WhyNoInterviews\\src\\components\\__tests__\\ResumeParser.test.ts:326:28)"],"fullName":"ResumeParser Section Parsing should identify different section types","invocations":1,"location":null,"numPassingAsserts":0,"retryReasons":[],"startAt":1767880739485,"status":"failed","title":"should identify different section types"},{"ancestorTitles":["ResumeParser","Section Parsing"],"duration":1,"failing":false,"failureDetails":[{}],"failureMessages":["Error: Failed to extract text from PDF\n    at C:\\Users\\aravi\\Documents\\AI_LLM\\projects\\WhyNoInterviews\\src\\components\\ResumeParser.ts:148:17"],"fullName":"ResumeParser Section Parsing should handle resumes with minimal sections","invocations":1,"location":null,"numPassingAsserts":0,"retryReasons":[],"startAt":1767880739493,"status":"failed","title":"should handle resumes with minimal sections"},{"ancestorTitles":["ResumeParser","Achievement Detection"],"duration":1,"failing":false,"failureDetails":[],"failureMessages":[],"fullName":"ResumeParser Achievement Detection should detect various types of quantified achievements","invocations":1,"location":null,"numPassingAsserts":4,"retryReasons":[],"startAt":1767880739495,"status":"passed","title":"should detect various types of quantified achievements"},{"ancestorTitles":["ResumeParser","Achievement Detection"],"duration":1,"failing":false,"failureDetails":[],"failureMessages":[],"fullName":"ResumeParser Achievement Detection should detect strong action verbs","invocations":1,"location":null,"numPassingAsserts":6,"retryReasons":[],"startAt":1767880739496,"status":"passed","title":"should detect strong action verbs"},{"ancestorTitles":["ResumeParser","Error Handling and Edge Cases"],"duration":1,"failing":false,"failureDetails":[{}],"failureMessages":["Error: Failed to extract text from PDF\n    at C:\\Users\\aravi\\Documents\\AI_LLM\\projects\\WhyNoInterviews\\src\\components\\ResumeParser.ts:148:17"],"fullName":"ResumeParser Error Handling and Edge Cases should handle very short resumes","invocations":1,"location":null,"numPassingAsserts":0,"retryReasons":[],"startAt":1767880739498,"status":"failed","title":"should handle very short resumes"},{"ancestorTitles":["ResumeParser","Error Handling and Edge Cases"],"duration":1,"failing":false,"failureDetails":[],"failureMessages":[],"fullName":"ResumeParser Error Handling and Edge Cases should handle resumes with garbled text","invocations":1,"location":null,"numPassingAsserts":2,"retryReasons":[],"startAt":1767880739499,"status":"passed","title":"should handle resumes with garbled text"},{"ancestorTitles":["ResumeParser","Error Handling and Edge Cases"],"duration":1,"failing":false,"failureDetails":[],"failureMessages":[],"fullName":"ResumeParser Error Handling and Edge Cases should estimate page count correctly","invocations":1,"location":null,"numPassingAsserts":2,"retryReasons":[],"startAt":1767880739500,"status":"passed","title":"should estimate page count correctly"}],"endTime":1767880739530,"message":"\u001b[1m\u001b[31m  \u001b[1m● \u001b[22m\u001b[1mResumeParser › validateFile › should reject files that are too large\u001b[39m\u001b[22m\n\n    \u001b[2mexpect(\u001b[22m\u001b[31mreceived\u001b[39m\u001b[2m).\u001b[22mtoBe\u001b[2m(\u001b[22m\u001b[32mexpected\u001b[39m\u001b[2m) // Object.is equality\u001b[22m\n\n    Expected: \u001b[32mfalse\u001b[39m\n    Received: \u001b[31mtrue\u001b[39m\n\u001b[2m\u001b[22m\n\u001b[2m    \u001b[0m \u001b[90m 144 |\u001b[39m       \u001b[36mconst\u001b[39m result \u001b[33m=\u001b[39m parser\u001b[33m.\u001b[39mvalidateFile(mockFile)\u001b[33m;\u001b[39m\u001b[22m\n\u001b[2m     \u001b[90m 145 |\u001b[39m\u001b[22m\n\u001b[2m    \u001b[31m\u001b[1m>\u001b[22m\u001b[2m\u001b[39m\u001b[90m 146 |\u001b[39m       expect(result\u001b[33m.\u001b[39misValid)\u001b[33m.\u001b[39mtoBe(\u001b[36mfalse\u001b[39m)\u001b[33m;\u001b[39m\u001b[22m\n\u001b[2m     \u001b[90m     |\u001b[39m                              \u001b[31m\u001b[1m^\u001b[22m\u001b[2m\u001b[39m\u001b[22m\n\u001b[2m     \u001b[90m 147 |\u001b[39m       expect(result\u001b[33m.\u001b[39merrors)\u001b[33m.\u001b[39mtoContain(\u001b[32m'File too large for processing'\u001b[39m)\u001b[33m;\u001b[39m\u001b[22m\n\u001b[2m     \u001b[90m 148 |\u001b[39m     })\u001b[33m;\u001b[39m\u001b[22m\n\u001b[2m     \u001b[90m 149 |\u001b[39m\u001b[0m\u001b[22m\n\u001b[2m\u001b[22m\n\u001b[2m      \u001b[2mat Object.<anonymous> (\u001b[22m\u001b[2m\u001b[0m\u001b[36msrc/components/__tests__/ResumeParser.test.ts\u001b[39m\u001b[0m\u001b[2m:146:30)\u001b[22m\u001b[2m\u001b[22m\n\n\u001b[1m\u001b[31m  \u001b[1m● \u001b[22m\u001b[1mResumeParser › validateFile › should reject non-existent files\u001b[39m\u001b[22m\n\n    \u001b[2mexpect(\u001b[22m\u001b[31mreceived\u001b[39m\u001b[2m).\u001b[22mtoBe\u001b[2m(\u001b[22m\u001b[32mexpected\u001b[39m\u001b[2m) // Object.is equality\u001b[22m\n\n    Expected: \u001b[32mfalse\u001b[39m\n    Received: \u001b[31mtrue\u001b[39m\n\u001b[2m\u001b[22m\n\u001b[2m    \u001b[0m \u001b[90m 162 |\u001b[39m       \u001b[36mconst\u001b[39m result \u001b[33m=\u001b[39m parser\u001b[33m.\u001b[39mvalidateFile(mockFile)\u001b[33m;\u001b[39m\u001b[22m\n\u001b[2m     \u001b[90m 163 |\u001b[39m\u001b[22m\n\u001b[2m    \u001b[31m\u001b[1m>\u001b[22m\u001b[2m\u001b[39m\u001b[90m 164 |\u001b[39m       expect(result\u001b[33m.\u001b[39misValid)\u001b[33m.\u001b[39mtoBe(\u001b[36mfalse\u001b[39m)\u001b[33m;\u001b[39m\u001b[22m\n\u001b[2m     \u001b[90m     |\u001b[39m                              \u001b[31m\u001b[1m^\u001b[22m\u001b[2m\u001b[39m\u001b[22m\n\u001b[2m     \u001b[90m 165 |\u001b[39m       expect(result\u001b[33m.\u001b[39merrors)\u001b[33m.\u001b[39mtoContain(\u001b[32m'File not found or inaccessible'\u001b[39m)\u001b[33m;\u001b[39m\u001b[22m\n\u001b[2m     \u001b[90m 166 |\u001b[39m     })\u001b[33m;\u001b[39m\u001b[22m\n\u001b[2m     \u001b[90m 167 |\u001b[39m   })\u001b[33m;\u001b[39m\u001b[0m\u001b[22m\n\u001b[2m\u001b[22m\n\u001b[2m      \u001b[2mat Object.<anonymous> (\u001b[22m\u001b[2m\u001b[0m\u001b[36msrc/components/__tests__/ResumeParser.test.ts\u001b[39m\u001b[0m\u001b[2m:164:30)\u001b[22m\u001b[2m\u001b[22m\n\n\u001b[1m\u001b[31m  \u001b[1m● \u001b[22m\u001b[1mResumeParser › parseResume › should identify resume sections correctly\u001b[39m\u001b[22m\n\n    \u001b[2mexpect(\u001b[22m\u001b[31mreceived\u001b[39m\u001b[2m).\u001b[22mtoContain\u001b[2m(\u001b[22m\u001b[32mexpected\u001b[39m\u001b[2m) // indexOf\u001b[22m\n\n    Expected value: \u001b[32m\"experience\"\u001b[39m\n    Received array: \u001b[31m[\"other\", \"other\", \"other\", \"skills\"]\u001b[39m\n\u001b[2m\u001b[22m\n\u001b[2m    \u001b[0m \u001b[90m 211 |\u001b[39m\u001b[22m\n\u001b[2m     \u001b[90m 212 |\u001b[39m       \u001b[36mconst\u001b[39m sectionTypes \u001b[33m=\u001b[39m result\u001b[33m.\u001b[39msections\u001b[33m.\u001b[39mmap((s) \u001b[33m=>\u001b[39m s\u001b[33m.\u001b[39mtype)\u001b[33m;\u001b[39m\u001b[22m\n\u001b[2m    \u001b[31m\u001b[1m>\u001b[22m\u001b[2m\u001b[39m\u001b[90m 213 |\u001b[39m       expect(sectionTypes)\u001b[33m.\u001b[39mtoContain(\u001b[33mSectionType\u001b[39m\u001b[33m.\u001b[39m\u001b[33mEXPERIENCE\u001b[39m)\u001b[33m;\u001b[39m\u001b[22m\n\u001b[2m     \u001b[90m     |\u001b[39m                            \u001b[31m\u001b[1m^\u001b[22m\u001b[2m\u001b[39m\u001b[22m\n\u001b[2m     \u001b[90m 214 |\u001b[39m       expect(sectionTypes)\u001b[33m.\u001b[39mtoContain(\u001b[33mSectionType\u001b[39m\u001b[33m.\u001b[39m\u001b[33mEDUCATION\u001b[39m)\u001b[33m;\u001b[39m\u001b[22m\n\u001b[2m     \u001b[90m 215 |\u001b[39m       expect(sectionTypes)\u001b[33m.\u001b[39mtoContain(\u001b[33mSectionType\u001b[39m\u001b[33m.\u001b[39m\u001b[33mSKILLS\u001b[39m)\u001b[33m;\u001b[39m\u001b[22m\n\u001b[2m     \u001b[90m 216 |\u001b[39m     })\u001b[33m;\u001b[39m\u001b[0m\u001b[22m\n\u001b[2m\u001b[22m\n\u001b[2m      \u001b[2mat Object.<anonymous> (\u001b[22m\u001b[2m\u001b[0m\u001b[36msrc/components/__tests__/ResumeParser.test.ts\u001b[39m\u001b[0m\u001b[2m:213:28)\u001b[22m\u001b[2m\u001b[22m\n\n\u001b[1m\u001b[31m  \u001b[1m● \u001b[22m\u001b[1mResumeParser › parseResume › should extract bullet points from experience section\u001b[39m\u001b[22m\n\n    \u001b[2mexpect(\u001b[22m\u001b[31mreceived\u001b[39m\u001b[2m).\u001b[22mtoBeDefined\u001b[2m()\u001b[22m\n\n    Received: \u001b[31mundefined\u001b[39m\n\u001b[2m\u001b[22m\n\u001b[2m    \u001b[0m \u001b[90m 220 |\u001b[39m\u001b[22m\n\u001b[2m     \u001b[90m 221 |\u001b[39m       \u001b[36mconst\u001b[39m experienceSection \u001b[33m=\u001b[39m result\u001b[33m.\u001b[39msections\u001b[33m.\u001b[39mfind((s) \u001b[33m=>\u001b[39m s\u001b[33m.\u001b[39mtype \u001b[33m===\u001b[39m \u001b[33mSectionType\u001b[39m\u001b[33m.\u001b[39m\u001b[33mEXPERIENCE\u001b[39m)\u001b[33m;\u001b[39m\u001b[22m\n\u001b[2m    \u001b[31m\u001b[1m>\u001b[22m\u001b[2m\u001b[39m\u001b[90m 222 |\u001b[39m       expect(experienceSection)\u001b[33m.\u001b[39mtoBeDefined()\u001b[33m;\u001b[39m\u001b[22m\n\u001b[2m     \u001b[90m     |\u001b[39m                                 \u001b[31m\u001b[1m^\u001b[22m\u001b[2m\u001b[39m\u001b[22m\n\u001b[2m     \u001b[90m 223 |\u001b[39m       expect(experienceSection\u001b[33m!\u001b[39m\u001b[33m.\u001b[39mbullets\u001b[33m.\u001b[39mlength)\u001b[33m.\u001b[39mtoBeGreaterThan(\u001b[35m0\u001b[39m)\u001b[33m;\u001b[39m\u001b[22m\n\u001b[2m     \u001b[90m 224 |\u001b[39m\u001b[22m\n\u001b[2m     \u001b[90m 225 |\u001b[39m       \u001b[90m// Check bullet point structure\u001b[39m\u001b[0m\u001b[22m\n\u001b[2m\u001b[22m\n\u001b[2m      \u001b[2mat Object.<anonymous> (\u001b[22m\u001b[2m\u001b[0m\u001b[36msrc/components/__tests__/ResumeParser.test.ts\u001b[39m\u001b[0m\u001b[2m:222:33)\u001b[22m\u001b[2m\u001b[22m\n\n\u001b[1m\u001b[31m  \u001b[1m● \u001b[22m\u001b[1mResumeParser › parseResume › should identify achievements with quantification\u001b[39m\u001b[22m\n\n    TypeError: Cannot read properties of undefined (reading 'bullets')\n\u001b[2m\u001b[22m\n\u001b[2m    \u001b[0m \u001b[90m 234 |\u001b[39m\u001b[22m\n\u001b[2m     \u001b[90m 235 |\u001b[39m       \u001b[36mconst\u001b[39m experienceSection \u001b[33m=\u001b[39m result\u001b[33m.\u001b[39msections\u001b[33m.\u001b[39mfind((s) \u001b[33m=>\u001b[39m s\u001b[33m.\u001b[39mtype \u001b[33m===\u001b[39m \u001b[33mSectionType\u001b[39m\u001b[33m.\u001b[39m\u001b[33mEXPERIENCE\u001b[39m)\u001b[33m;\u001b[39m\u001b[22m\n\u001b[2m    \u001b[31m\u001b[1m>\u001b[22m\u001b[2m\u001b[39m\u001b[90m 236 |\u001b[39m       \u001b[36mconst\u001b[39m bulletsWithAchievements \u001b[33m=\u001b[39m experienceSection\u001b[33m!\u001b[39m\u001b[33m.\u001b[39mbullets\u001b[33m.\u001b[39mfilter(\u001b[22m\n\u001b[2m     \u001b[90m     |\u001b[39m                                                          \u001b[31m\u001b[1m^\u001b[22m\u001b[2m\u001b[39m\u001b[22m\n\u001b[2m     \u001b[90m 237 |\u001b[39m         (b) \u001b[33m=>\u001b[39m b\u001b[33m.\u001b[39machievements\u001b[33m.\u001b[39mlength \u001b[33m>\u001b[39m \u001b[35m0\u001b[39m\u001b[33m,\u001b[39m\u001b[22m\n\u001b[2m     \u001b[90m 238 |\u001b[39m       )\u001b[33m;\u001b[39m\u001b[22m\n\u001b[2m     \u001b[90m 239 |\u001b[39m\u001b[0m\u001b[22m\n\u001b[2m\u001b[22m\n\u001b[2m      \u001b[2mat Object.<anonymous> (\u001b[22m\u001b[2m\u001b[0m\u001b[36msrc/components/__tests__/ResumeParser.test.ts\u001b[39m\u001b[0m\u001b[2m:236:58)\u001b[22m\u001b[2m\u001b[22m\n\n\u001b[1m\u001b[31m  \u001b[1m● \u001b[22m\u001b[1mResumeParser › parseResume › should handle DOCX parsing errors\u001b[39m\u001b[22m\n\n    \u001b[2mexpect(\u001b[22m\u001b[31mreceived\u001b[39m\u001b[2m).\u001b[22mrejects\u001b[2m.\u001b[22mtoThrow\u001b[2m()\u001b[22m\n\n    Received promise resolved instead of rejected\n    Resolved to value: \u001b[31m{\"extractedAt\": 2026-01-08T13:58:59.479Z, \"extractionConfidence\": 70, \"metadata\": {\"extractionMethod\": \"pdf-parse\", \"fileName\": \"test-resume.pdf\", \"fileSize\": 1024, \"fileType\": \"pdf\", \"pageCount\": 1, \"processingTime\": 0, \"warnings\": [], \"wordCount\": 47}, \"rawText\": \"John Doe\u001b[39m\n    \u001b[31mSoftware Engineer\u001b[39m\n    \u001b[31mjohn.doe@email.com·\u001b[39m\n    \u001b[31mEXPERIENCE\u001b[39m\n    \u001b[31mSenior Software Engineer at Tech Corp\u001b[39m\n    \u001b[31m• Developed web applications using React and Node.js\u001b[39m\n    \u001b[31m• Improved system performance by 30%\u001b[39m\n    \u001b[31m• Led team of 5 developers·\u001b[39m\n    \u001b[31mEDUCATION\u001b[39m\n    \u001b[31mBachelor of Science in Computer Science\u001b[39m\n    \u001b[31mUniversity of Technology·\u001b[39m\n    \u001b[31mSKILLS\u001b[39m\n    \u001b[31mJavaScript, Python, React, Node.js\", \"sections\": [{\"bullets\": [], \"content\": \"John Doe\u001b[39m\n    \u001b[31mSoftware Engineer\u001b[39m\n    \u001b[31mjohn.doe@email.com\", \"endIndex\": 47, \"startIndex\": 0, \"title\": \"John Doe\u001b[39m\n    \u001b[31mSoftware Engineer\", \"type\": \"other\"}, {\"bullets\": [{\"achievements\": [{\"actionVerbs\": [\"developed\"], \"hasQuantification\": false, \"metrics\": [], \"text\": \"Developed web applications using React and Node.js\"}], \"id\": \"l37kgjj\", \"text\": \"Developed web applications using React and Node.js\"}, {\"achievements\": [{\"actionVerbs\": [], \"hasQuantification\": true, \"metrics\": [\"30%\"], \"text\": \"Improved system performance by 30%\"}], \"id\": \"057jls\", \"text\": \"Improved system performance by 30%\"}, {\"achievements\": [{\"actionVerbs\": [\"led\"], \"hasQuantification\": true, \"metrics\": [\"team of 5\"], \"text\": \"Led team of 5 developers\"}], \"id\": \"qlwzc\", \"text\": \"Led team of 5 developers\"}], \"content\": \"EXPERIENCE\u001b[39m\n    \u001b[31mSenior Software Engineer at Tech Corp\u001b[39m\n    \u001b[31m• Developed web applications using React and Node.js\u001b[39m\n    \u001b[31m• Improved system performance by 30%\u001b[39m\n    \u001b[31m• Led team of 5 developers\", \"endIndex\": 214, \"startIndex\": 47, \"title\": \"EXPERIENCE\u001b[39m\n    \u001b[31mSenior Software Engineer at Tech Corp\", \"type\": \"other\"}, {\"bullets\": [], \"content\": \"EDUCATION\u001b[39m\n    \u001b[31mBachelor of Science in Computer Science\u001b[39m\n    \u001b[31mUniversity of Technology\", \"endIndex\": 290, \"startIndex\": 214, \"title\": \"EDUCATION\u001b[39m\n    \u001b[31mBachelor of Science in Computer Science\u001b[39m\n    \u001b[31mUniversity of Technology·\u001b[39m\n    \u001b[31mSKILLS\", \"type\": \"other\"}, {\"bullets\": [], \"content\": \"SKILLS\u001b[39m\n    \u001b[31mJavaScript, Python, React, Node.js\", \"endIndex\": 331, \"startIndex\": 290, \"title\": \"SKILLS\", \"type\": \"skills\"}]}\u001b[39m\n\u001b[2m\u001b[22m\n\u001b[2m    \u001b[0m \u001b[90m 275 |\u001b[39m       mockFile\u001b[33m.\u001b[39mpath \u001b[33m=\u001b[39m \u001b[32m'/tmp/error.docx'\u001b[39m\u001b[33m;\u001b[39m\u001b[22m\n\u001b[2m     \u001b[90m 276 |\u001b[39m\u001b[22m\n\u001b[2m    \u001b[31m\u001b[1m>\u001b[22m\u001b[2m\u001b[39m\u001b[90m 277 |\u001b[39m       \u001b[36mawait\u001b[39m expect(parser\u001b[33m.\u001b[39mparseResume(mockFile))\u001b[33m.\u001b[39mrejects\u001b[33m.\u001b[39mtoThrow(\u001b[22m\n\u001b[2m     \u001b[90m     |\u001b[39m             \u001b[31m\u001b[1m^\u001b[22m\u001b[2m\u001b[39m\u001b[22m\n\u001b[2m     \u001b[90m 278 |\u001b[39m         \u001b[32m'Failed to extract text from DOCX'\u001b[39m\u001b[33m,\u001b[39m\u001b[22m\n\u001b[2m     \u001b[90m 279 |\u001b[39m       )\u001b[33m;\u001b[39m\u001b[22m\n\u001b[2m     \u001b[90m 280 |\u001b[39m     })\u001b[33m;\u001b[39m\u001b[0m\u001b[22m\n\u001b[2m\u001b[22m\n\u001b[2m      \u001b[2mat expect (\u001b[22m\u001b[2mnode_modules/expect/build/index.js\u001b[2m:2116:15)\u001b[22m\u001b[2m\u001b[22m\n\u001b[2m      \u001b[2mat Object.<anonymous> (\u001b[22m\u001b[2m\u001b[0m\u001b[36msrc/components/__tests__/ResumeParser.test.ts\u001b[39m\u001b[0m\u001b[2m:277:13)\u001b[22m\u001b[2m\u001b[22m\n\n\u001b[1m\u001b[31m  \u001b[1m● \u001b[22m\u001b[1mResumeParser › parseResume › should reject unsupported file types\u001b[39m\u001b[22m\n\n    \u001b[2mexpect(\u001b[22m\u001b[31mreceived\u001b[39m\u001b[2m).\u001b[22mrejects\u001b[2m.\u001b[22mtoThrow\u001b[2m()\u001b[22m\n\n    Received promise resolved instead of rejected\n    Resolved to value: \u001b[31m{\"extractedAt\": 2026-01-08T13:58:59.483Z, \"extractionConfidence\": 70, \"metadata\": {\"extractionMethod\": \"pdf-parse\", \"fileName\": \"test-resume.pdf\", \"fileSize\": 1024, \"fileType\": \"pdf\", \"pageCount\": 1, \"processingTime\": 0, \"warnings\": [], \"wordCount\": 47}, \"rawText\": \"John Doe\u001b[39m\n    \u001b[31mSoftware Engineer\u001b[39m\n    \u001b[31mjohn.doe@email.com·\u001b[39m\n    \u001b[31mEXPERIENCE\u001b[39m\n    \u001b[31mSenior Software Engineer at Tech Corp\u001b[39m\n    \u001b[31m• Developed web applications using React and Node.js\u001b[39m\n    \u001b[31m• Improved system performance by 30%\u001b[39m\n    \u001b[31m• Led team of 5 developers·\u001b[39m\n    \u001b[31mEDUCATION\u001b[39m\n    \u001b[31mBachelor of Science in Computer Science\u001b[39m\n    \u001b[31mUniversity of Technology·\u001b[39m\n    \u001b[31mSKILLS\u001b[39m\n    \u001b[31mJavaScript, Python, React, Node.js\", \"sections\": [{\"bullets\": [], \"content\": \"John Doe\u001b[39m\n    \u001b[31mSoftware Engineer\u001b[39m\n    \u001b[31mjohn.doe@email.com\", \"endIndex\": 47, \"startIndex\": 0, \"title\": \"John Doe\u001b[39m\n    \u001b[31mSoftware Engineer\", \"type\": \"other\"}, {\"bullets\": [{\"achievements\": [{\"actionVerbs\": [\"developed\"], \"hasQuantification\": false, \"metrics\": [], \"text\": \"Developed web applications using React and Node.js\"}], \"id\": \"mzb7p\", \"text\": \"Developed web applications using React and Node.js\"}, {\"achievements\": [{\"actionVerbs\": [], \"hasQuantification\": true, \"metrics\": [\"30%\"], \"text\": \"Improved system performance by 30%\"}], \"id\": \"rbwpgd\", \"text\": \"Improved system performance by 30%\"}, {\"achievements\": [{\"actionVerbs\": [\"led\"], \"hasQuantification\": true, \"metrics\": [\"team of 5\"], \"text\": \"Led team of 5 developers\"}], \"id\": \"s665g\", \"text\": \"Led team of 5 developers\"}], \"content\": \"EXPERIENCE\u001b[39m\n    \u001b[31mSenior Software Engineer at Tech Corp\u001b[39m\n    \u001b[31m• Developed web applications using React and Node.js\u001b[39m\n    \u001b[31m• Improved system performance by 30%\u001b[39m\n    \u001b[31m• Led team of 5 developers\", \"endIndex\": 214, \"startIndex\": 47, \"title\": \"EXPERIENCE\u001b[39m\n    \u001b[31mSenior Software Engineer at Tech Corp\", \"type\": \"other\"}, {\"bullets\": [], \"content\": \"EDUCATION\u001b[39m\n    \u001b[31mBachelor of Science in Computer Science\u001b[39m\n    \u001b[31mUniversity of Technology\", \"endIndex\": 290, \"startIndex\": 214, \"title\": \"EDUCATION\u001b[39m\n    \u001b[31mBachelor of Science in Computer Science\u001b[39m\n    \u001b[31mUniversity of Technology·\u001b[39m\n    \u001b[31mSKILLS\", \"type\": \"other\"}, {\"bullets\": [], \"content\": \"SKILLS\u001b[39m\n    \u001b[31mJavaScript, Python, React, Node.js\", \"endIndex\": 331, \"startIndex\": 290, \"title\": \"SKILLS\", \"type\": \"skills\"}]}\u001b[39m\n\u001b[2m\u001b[22m\n\u001b[2m    \u001b[0m \u001b[90m 283 |\u001b[39m       mockFile\u001b[33m.\u001b[39mmimetype \u001b[33m=\u001b[39m \u001b[32m'text/plain'\u001b[39m\u001b[33m;\u001b[39m\u001b[22m\n\u001b[2m     \u001b[90m 284 |\u001b[39m\u001b[22m\n\u001b[2m    \u001b[31m\u001b[1m>\u001b[22m\u001b[2m\u001b[39m\u001b[90m 285 |\u001b[39m       \u001b[36mawait\u001b[39m expect(parser\u001b[33m.\u001b[39mparseResume(mockFile))\u001b[33m.\u001b[39mrejects\u001b[33m.\u001b[39mtoThrow(\u001b[32m'Unsupported file type'\u001b[39m)\u001b[33m;\u001b[39m\u001b[22m\n\u001b[2m     \u001b[90m     |\u001b[39m             \u001b[31m\u001b[1m^\u001b[22m\u001b[2m\u001b[39m\u001b[22m\n\u001b[2m     \u001b[90m 286 |\u001b[39m     })\u001b[33m;\u001b[39m\u001b[22m\n\u001b[2m     \u001b[90m 287 |\u001b[39m\u001b[22m\n\u001b[2m     \u001b[90m 288 |\u001b[39m     test(\u001b[32m'should handle missing files'\u001b[39m\u001b[33m,\u001b[39m \u001b[36masync\u001b[39m () \u001b[33m=>\u001b[39m {\u001b[0m\u001b[22m\n\u001b[2m\u001b[22m\n\u001b[2m      \u001b[2mat expect (\u001b[22m\u001b[2mnode_modules/expect/build/index.js\u001b[2m:2116:15)\u001b[22m\u001b[2m\u001b[22m\n\u001b[2m      \u001b[2mat Object.<anonymous> (\u001b[22m\u001b[2m\u001b[0m\u001b[36msrc/components/__tests__/ResumeParser.test.ts\u001b[39m\u001b[0m\u001b[2m:285:13)\u001b[22m\u001b[2m\u001b[22m\n\n\u001b[1m\u001b[31m  \u001b[1m● \u001b[22m\u001b[1mResumeParser › Section Parsing › should identify different section types\u001b[39m\u001b[22m\n\n    \u001b[2mexpect(\u001b[22m\u001b[31mreceived\u001b[39m\u001b[2m).\u001b[22mtoContain\u001b[2m(\u001b[22m\u001b[32mexpected\u001b[39m\u001b[2m) // indexOf\u001b[22m\n\n    Expected value: \u001b[32m\"contact\"\u001b[39m\n    Received array: \u001b[31m[\"other\", \"other\", \"experience\", \"education\", \"skills\", \"other\", \"certifications\"]\u001b[39m\n\u001b[2m\u001b[22m\n\u001b[2m    \u001b[0m \u001b[90m 324 |\u001b[39m\u001b[22m\n\u001b[2m     \u001b[90m 325 |\u001b[39m       \u001b[36mconst\u001b[39m sectionTypes \u001b[33m=\u001b[39m result\u001b[33m.\u001b[39msections\u001b[33m.\u001b[39mmap((s) \u001b[33m=>\u001b[39m s\u001b[33m.\u001b[39mtype)\u001b[33m;\u001b[39m\u001b[22m\n\u001b[2m    \u001b[31m\u001b[1m>\u001b[22m\u001b[2m\u001b[39m\u001b[90m 326 |\u001b[39m       expect(sectionTypes)\u001b[33m.\u001b[39mtoContain(\u001b[33mSectionType\u001b[39m\u001b[33m.\u001b[39m\u001b[33mCONTACT\u001b[39m)\u001b[33m;\u001b[39m\u001b[22m\n\u001b[2m     \u001b[90m     |\u001b[39m                            \u001b[31m\u001b[1m^\u001b[22m\u001b[2m\u001b[39m\u001b[22m\n\u001b[2m     \u001b[90m 327 |\u001b[39m       \u001b[90m// Note: PROFESSIONAL SUMMARY might be parsed as EXPERIENCE due to pattern matching\u001b[39m\u001b[22m\n\u001b[2m     \u001b[90m 328 |\u001b[39m       \u001b[90m// This is acceptable behavior - we're testing that sections are identified\u001b[39m\u001b[22m\n\u001b[2m     \u001b[90m 329 |\u001b[39m       expect(sectionTypes)\u001b[33m.\u001b[39mtoContain(\u001b[33mSectionType\u001b[39m\u001b[33m.\u001b[39m\u001b[33mEXPERIENCE\u001b[39m)\u001b[33m;\u001b[39m\u001b[0m\u001b[22m\n\u001b[2m\u001b[22m\n\u001b[2m      \u001b[2mat Object.<anonymous> (\u001b[22m\u001b[2m\u001b[0m\u001b[36msrc/components/__tests__/ResumeParser.test.ts\u001b[39m\u001b[0m\u001b[2m:326:28)\u001b[22m\u001b[2m\u001b[22m\n\n\u001b[1m\u001b[31m  \u001b[1m● \u001b[22m\u001b[1mResumeParser › Section Parsing › should handle resumes with minimal sections\u001b[39m\u001b[22m\n\n    Failed to extract text from PDF\n\u001b[2m\u001b[22m\n\u001b[2m    \u001b[0m \u001b[90m 146 |\u001b[39m\u001b[22m\n\u001b[2m     \u001b[90m 147 |\u001b[39m         \u001b[36mif\u001b[39m (\u001b[33m!\u001b[39mtext \u001b[33m||\u001b[39m text\u001b[33m.\u001b[39mtrim()\u001b[33m.\u001b[39mlength \u001b[33m<\u001b[39m \u001b[35m50\u001b[39m) {\u001b[22m\n\u001b[2m    \u001b[31m\u001b[1m>\u001b[22m\u001b[2m\u001b[39m\u001b[90m 148 |\u001b[39m           \u001b[36mthrow\u001b[39m \u001b[36mnew\u001b[39m \u001b[33mError\u001b[39m(\u001b[32m'Failed to extract text from PDF'\u001b[39m)\u001b[33m;\u001b[39m\u001b[22m\n\u001b[2m     \u001b[90m     |\u001b[39m                 \u001b[31m\u001b[1m^\u001b[22m\u001b[2m\u001b[39m\u001b[22m\n\u001b[2m     \u001b[90m 149 |\u001b[39m         }\u001b[22m\n\u001b[2m     \u001b[90m 150 |\u001b[39m\u001b[22m\n\u001b[2m     \u001b[90m 151 |\u001b[39m         \u001b[36mconst\u001b[39m sections \u001b[33m=\u001b[39m \u001b[36mthis\u001b[39m\u001b[33m.\u001b[39mextractSections(text)\u001b[33m;\u001b[39m\u001b[0m\u001b[22m\n\u001b[2m\u001b[22m\n\u001b[2m      \u001b[2mat \u001b[22m\u001b[2msrc/components/ResumeParser.ts\u001b[2m:148:17\u001b[22m\u001b[2m\u001b[22m\n\n\u001b[1m\u001b[31m  \u001b[1m● \u001b[22m\u001b[1mResumeParser › Error Handling and Edge Cases › should handle very short resumes\u001b[39m\u001b[22m\n\n    Failed to extract text from PDF\n\u001b[2m\u001b[22m\n\u001b[2m    \u001b[0m \u001b[90m 146 |\u001b[39m\u001b[22m\n\u001b[2m     \u001b[90m 147 |\u001b[39m         \u001b[36mif\u001b[39m (\u001b[33m!\u001b[39mtext \u001b[33m||\u001b[39m text\u001b[33m.\u001b[39mtrim()\u001b[33m.\u001b[39mlength \u001b[33m<\u001b[39m \u001b[35m50\u001b[39m) {\u001b[22m\n\u001b[2m    \u001b[31m\u001b[1m>\u001b[22m\u001b[2m\u001b[39m\u001b[90m 148 |\u001b[39m           \u001b[36mthrow\u001b[39m \u001b[36mnew\u001b[39m \u001b[33mError\u001b[39m(\u001b[32m'Failed to extract text from PDF'\u001b[39m)\u001b[33m;\u001b[39m\u001b[22m\n\u001b[2m     \u001b[90m     |\u001b[39m                 \u001b[31m\u001b[1m^\u001b[22m\u001b[2m\u001b[39m\u001b[22m\n\u001b[2m     \u001b[90m 149 |\u001b[39m         }\u001b[22m\n\u001b[2m     \u001b[90m 150 |\u001b[39m\u001b[22m\n\u001b[2m     \u001b[90m 151 |\u001b[39m         \u001b[36mconst\u001b[39m sections \u001b[33m=\u001b[39m \u001b[36mthis\u001b[39m\u001b[33m.\u001b[39mextractSections(text)\u001b[33m;\u001b[39m\u001b[0m\u001b[22m\n\u001b[2m\u001b[22m\n\u001b[2m      \u001b[2mat \u001b[22m\u001b[2msrc/components/ResumeParser.ts\u001b[2m:148:17\u001b[22m\u001b[2m\u001b[22m\n","name":"C:\\Users\\aravi\\Documents\\AI_LLM\\projects\\WhyNoInterviews\\src\\components\\__tests__\\ResumeParser.test.ts","startTime":1767880736262,"status":"failed","summary":""}],"wasInterrupted":false}
